2026-06-01 12:31:37 | INFO | Placing MARKET BUY order | Symbol: BTCUSDT | Qty: 0.01
2026-06-01 12:31:37 | INFO | Placing MARKET BUY order | Symbol: BTCUSDT | Qty: 0.01
2026-06-01 12:31:37 | INFO | Placing MARKET BUY order | Symbol: BTCUSDT | Qty: 0.01
2026-06-01 12:31:37 | DEBUG | POST https://testnet.binancefuture.com/fapi/v1/order | params: {'symbol': 'BTCUSDT', 'side': 'BUY', 'type': 'MARKET', 'quantity': 0.01, 'timestamp': 1780297297644, 'signature': 'b97339cbe44a561192bc5d3a6b8b0873d0f047f971877056d1fbe6a9addbd8b5'}
2026-06-01 12:31:37 | DEBUG | POST https://testnet.binancefuture.com/fapi/v1/order | params: {'symbol': 'BTCUSDT', 'side': 'BUY', 'type': 'MARKET', 'quantity': 0.01, 'timestamp': 1780297297644, 'signature': 'b97339cbe44a561192bc5d3a6b8b0873d0f047f971877056d1fbe6a9addbd8b5'}
2026-06-01 12:31:37 | DEBUG | POST https://testnet.binancefuture.com/fapi/v1/order | params: {'symbol': 'BTCUSDT', 'side': 'BUY', 'type': 'MARKET', 'quantity': 0.01, 'timestamp': 1780297297644, 'signature': 'b97339cbe44a561192bc5d3a6b8b0873d0f047f971877056d1fbe6a9addbd8b5'}
2026-06-01 12:31:38 | DEBUG | RESPONSE: {'code': -2014, 'msg': 'API-key format invalid.'}
2026-06-01 12:31:38 | DEBUG | RESPONSE: {'code': -2014, 'msg': 'API-key format invalid.'}
2026-06-01 12:31:38 | DEBUG | RESPONSE: {'code': -2014, 'msg': 'API-key format invalid.'}
2026-06-01 12:31:38 | ERROR | HTTP Error: 401 Client Error: Unauthorized for url: https://testnet.binancefuture.com/fapi/v1/order?symbol=BTCUSDT&side=BUY&type=MARKET&quantity=0.01&timestamp=1780297297644&signature=b97339cbe44a561192bc5d3a6b8b0873d0f047f971877056d1fbe6a9addbd8b5 | Response: {"code":-2014,"msg":"API-key format invalid."}
2026-06-01 12:31:38 | ERROR | HTTP Error: 401 Client Error: Unauthorized for url: https://testnet.binancefuture.com/fapi/v1/order?symbol=BTCUSDT&side=BUY&type=MARKET&quantity=0.01&timestamp=1780297297644&signature=b97339cbe44a561192bc5d3a6b8b0873d0f047f971877056d1fbe6a9addbd8b5 | Response: {"code":-2014,"msg":"API-key format invalid."}
2026-06-01 12:31:38 | ERROR | HTTP Error: 401 Client Error: Unauthorized for url: https://testnet.binancefuture.com/fapi/v1/order?symbol=BTCUSDT&side=BUY&type=MARKET&quantity=0.01&timestamp=1780297297644&signature=b97339cbe44a561192bc5d3a6b8b0873d0f047f971877056d1fbe6a9addbd8b5 | Response: {"code":-2014,"msg":"API-key format invalid."}
2026-06-01 12:31:38 | ERROR | Unexpected error: 401 Client Error: Unauthorized for url: https://testnet.binancefuture.com/fapi/v1/order?symbol=BTCUSDT&side=BUY&type=MARKET&quantity=0.01&timestamp=1780297297644&signature=b97339cbe44a561192bc5d3a6b8b0873d0f047f971877056d1fbe6a9addbd8b5
2026-06-01 12:31:38 | ERROR | Unexpected error: 401 Client Error: Unauthorized for url: https://testnet.binancefuture.com/fapi/v1/order?symbol=BTCUSDT&side=BUY&type=MARKET&quantity=0.01&timestamp=1780297297644&signature=b97339cbe44a561192bc5d3a6b8b0873d0f047f971877056d1fbe6a9addbd8b5
2026-06-01 12:31:38 | ERROR | Unexpected error: 401 Client Error: Unauthorized for url: https://testnet.binancefuture.com/fapi/v1/order?symbol=BTCUSDT&side=BUY&type=MARKET&quantity=0.01&timestamp=1780297297644&signature=b97339cbe44a561192bc5d3a6b8b0873d0f047f971877056d1fbe6a9addbd8b5
2026-06-01 12:51:11 | INFO | Placing MARKET BUY order | Symbol: BTCUSDT | Qty: 0.01
2026-06-01 12:51:11 | DEBUG | POST https://testnet.binancefuture.com/fapi/v1/order | params: {'symbol': 'BTCUSDT', 'side': 'BUY', 'type': 'MARKET', 'quantity': 0.01, 'timestamp': 1780298471769, 'signature': 'dc2f3cb3b167ff85363946cacebbefa49c555c59cf05153815e52aff5d0317c7'}
2026-06-01 12:51:12 | DEBUG | RESPONSE: {'code': -2014, 'msg': 'API-key format invalid.'}
2026-06-01 12:51:12 | ERROR | HTTP Error: 401 Client Error: Unauthorized for url: https://testnet.binancefuture.com/fapi/v1/order?symbol=BTCUSDT&side=BUY&type=MARKET&quantity=0.01&timestamp=1780298471769&signature=dc2f3cb3b167ff85363946cacebbefa49c555c59cf05153815e52aff5d0317c7 | Response: {"code":-2014,"msg":"API-key format invalid."}
2026-06-01 12:51:12 | ERROR | Unexpected error: 401 Client Error: Unauthorized for url: https://testnet.binancefuture.com/fapi/v1/order?symbol=BTCUSDT&side=BUY&type=MARKET&quantity=0.01&timestamp=1780298471769&signature=dc2f3cb3b167ff85363946cacebbefa49c555c59cf05153815e52aff5d0317c7
2026-06-01 12:53:13 | INFO | Placing MARKET BUY order | Symbol: BTCUSDT | Qty: 0.01
2026-06-01 12:53:13 | DEBUG | POST https://testnet.binancefuture.com/fapi/v1/order | params: {'symbol': 'BTCUSDT', 'side': 'BUY', 'type': 'MARKET', 'quantity': 0.01, 'timestamp': 1780298593135, 'signature': 'dd531b55b4416dd08d2eefe9e3d6204eb06c1b6f428ca227bfc212c7fd63c431'}
2026-06-01 12:53:13 | DEBUG | RESPONSE: {'code': -1022, 'msg': 'Signature for this request is not valid.'}
2026-06-01 12:53:13 | ERROR | HTTP Error: 400 Client Error: Bad Request for url: https://testnet.binancefuture.com/fapi/v1/order?symbol=BTCUSDT&side=BUY&type=MARKET&quantity=0.01&timestamp=1780298593135&signature=dd531b55b4416dd08d2eefe9e3d6204eb06c1b6f428ca227bfc212c7fd63c431 | Response: {"code":-1022,"msg":"Signature for this request is not valid."}
2026-06-01 12:53:13 | ERROR | Unexpected error: 400 Client Error: Bad Request for url: https://testnet.binancefuture.com/fapi/v1/order?symbol=BTCUSDT&side=BUY&type=MARKET&quantity=0.01&timestamp=1780298593135&signature=dd531b55b4416dd08d2eefe9e3d6204eb06c1b6f428ca227bfc212c7fd63c431
2026-06-01 12:54:39 | INFO | Placing MARKET BUY order | Symbol: BTCUSDT | Qty: 0.01
2026-06-01 12:54:39 | DEBUG | POST https://testnet.binancefuture.com/fapi/v1/order?symbol=BTCUSDT&side=BUY&type=MARKET&quantity=0.01&timestamp=1780298679940&signature=1cfe592a8c657cf6688730a604b94fc6403d1e881acb0e101d6e12ef2ac1976f
2026-06-01 12:54:40 | DEBUG | RESPONSE: {'code': -1022, 'msg': 'Signature for this request is not valid.'}
2026-06-01 12:54:40 | ERROR | HTTP Error: 400 Client Error: Bad Request for url: https://testnet.binancefuture.com/fapi/v1/order?symbol=BTCUSDT&side=BUY&type=MARKET&quantity=0.01&timestamp=1780298679940&signature=1cfe592a8c657cf6688730a604b94fc6403d1e881acb0e101d6e12ef2ac1976f | Response: {"code":-1022,"msg":"Signature for this request is not valid."}
2026-06-01 12:54:40 | ERROR | Unexpected error: 400 Client Error: Bad Request for url: https://testnet.binancefuture.com/fapi/v1/order?symbol=BTCUSDT&side=BUY&type=MARKET&quantity=0.01&timestamp=1780298679940&signature=1cfe592a8c657cf6688730a604b94fc6403d1e881acb0e101d6e12ef2ac1976f
2026-06-01 12:55:26 | INFO | Placing MARKET BUY order | Symbol: BTCUSDT | Qty: 0.01
2026-06-01 12:55:26 | DEBUG | POST https://testnet.binancefuture.com/fapi/v1/order?symbol=BTCUSDT&side=BUY&type=MARKET&quantity=0.01&timestamp=1780298726001&signature=ade47df70ed3ef95399de78127407e7a6434e8a6281ea8aabd353b5c0fadccef
2026-06-01 12:55:26 | DEBUG | RESPONSE: {'orderId': 13672669538, 'symbol': 'BTCUSDT', 'status': 'NEW', 'clientOrderId': 'RceQeSWlHZgW1S1RR2kYuW', 'price': '0.00', 'avgPrice': '0.00', 'origQty': '0.0100', 'executedQty': '0.0000', 'cumQty': '0.0000', 'cumQuote': '0.000000', 'timeInForce': 'GTC', 'type': 'MARKET', 'reduceOnly': False, 'closePosition': False, 'side': 'BUY', 'positionSide': 'BOTH', 'stopPrice': '0.00', 'workingType': 'CONTRACT_PRICE', 'priceProtect': False, 'origType': 'MARKET', 'priceMatch': 'NONE', 'selfTradePreventionMode': 'EXPIRE_MAKER', 'goodTillDate': 0, 'updateTime': 1780298729550}
2026-06-01 12:55:26 | INFO | Order placed successfully | OrderId: 13672669538 | Status: NEW
2026-06-01 12:56:37 | INFO | Placing LIMIT SELL order | Symbol: BTCUSDT | Qty: 0.01 | Price: 50000.0
2026-06-01 12:56:37 | DEBUG | POST https://testnet.binancefuture.com/fapi/v1/order?symbol=BTCUSDT&side=SELL&type=LIMIT&quantity=0.01&price=50000.0&timeInForce=GTC&timestamp=1780298797777&signature=78daa3fd6879b77239a0a3997e74c7d5177436d244745bd4fae469e06748a6a0
2026-06-01 12:56:38 | DEBUG | RESPONSE: {'code': -4024, 'msg': "Limit price can't be lower than 69315.42."}
2026-06-01 12:56:38 | ERROR | HTTP Error: 400 Client Error: Bad Request for url: https://testnet.binancefuture.com/fapi/v1/order?symbol=BTCUSDT&side=SELL&type=LIMIT&quantity=0.01&price=50000.0&timeInForce=GTC&timestamp=1780298797777&signature=78daa3fd6879b77239a0a3997e74c7d5177436d244745bd4fae469e06748a6a0 | Response: {"code":-4024,"msg":"Limit price can't be lower than 69315.42."}
2026-06-01 12:56:38 | ERROR | Unexpected error: 400 Client Error: Bad Request for url: https://testnet.binancefuture.com/fapi/v1/order?symbol=BTCUSDT&side=SELL&type=LIMIT&quantity=0.01&price=50000.0&timeInForce=GTC&timestamp=1780298797777&signature=78daa3fd6879b77239a0a3997e74c7d5177436d244745bd4fae469e06748a6a0
2026-06-01 12:57:04 | INFO | Placing LIMIT SELL order | Symbol: BTCUSDT | Qty: 0.01 | Price: 72000.0
2026-06-01 12:57:04 | DEBUG | POST https://testnet.binancefuture.com/fapi/v1/order?symbol=BTCUSDT&side=SELL&type=LIMIT&quantity=0.01&price=72000.0&timeInForce=GTC&timestamp=1780298824527&signature=c78da3e717f8293485b50fc94a57bc9afebc16af6ed4884ab4fb2e3a7eba98a8
2026-06-01 12:57:04 | DEBUG | RESPONSE: {'orderId': 13672798826, 'symbol': 'BTCUSDT', 'status': 'NEW', 'clientOrderId': '8C2skySKuHv1bMOBYBRwcd', 'price': '72000.00', 'avgPrice': '0.00', 'origQty': '0.0100', 'executedQty': '0.0000', 'cumQty': '0.0000', 'cumQuote': '0.000000', 'timeInForce': 'GTC', 'type': 'LIMIT', 'reduceOnly': False, 'closePosition': False, 'side': 'SELL', 'positionSide': 'BOTH', 'stopPrice': '0.00', 'workingType': 'CONTRACT_PRICE', 'priceProtect': False, 'origType': 'LIMIT', 'priceMatch': 'NONE', 'selfTradePreventionMode': 'EXPIRE_MAKER', 'goodTillDate': 0, 'updateTime': 1780298827990}
2026-06-01 12:57:04 | INFO | Order placed successfully | OrderId: 13672798826 | Status: NEW
